<?xml version="1.0" ?>
<!DOCTYPE coverage SYSTEM "http://cobertura.sourceforge.net/xml/coverage-04.dtd">
<coverage lines-valid="535" lines-covered="443" line-rate="0.828" branches-valid="186" branches-covered="121" branch-rate="0.6505" timestamp="1657849818122" complexity="0" version="0.1">
  <sources>
    <source>/home/runner/work/Portfolio/Portfolio</source>
  </sources>
  <packages>
    <package name="apps.portfolio.src.components.display.section-data-display" line-rate="1" branch-rate="1">
      <classes>
        <class name="index.tsx" filename="apps/portfolio/src/components/display/section-data-display/index.tsx" line-rate="1" branch-rate="1">
          <methods>
            <method name="SectionDataDisplay" hits="4" signature="()V">
              <lines>
                <line number="20" hits="4"/>
              </lines>
            </method>
            <method name="(anonymous_1)" hits="4" signature="()V">
              <lines>
                <line number="25" hits="4"/>
              </lines>
            </method>
          </methods>
          <lines>
            <line number="16" hits="2" branch="false"/>
            <line number="21" hits="4" branch="false"/>
            <line number="22" hits="4" branch="false"/>
            <line number="26" hits="4" branch="false"/>
            <line number="27" hits="4" branch="false"/>
          </lines>
        </class>
      </classes>
    </package>
    <package name="apps.portfolio.src.components.display.skill-header-display" line-rate="1" branch-rate="1">
      <classes>
        <class name="index.tsx" filename="apps/portfolio/src/components/display/skill-header-display/index.tsx" line-rate="1" branch-rate="1">
          <methods>
            <method name="(anonymous_0)" hits="2" signature="()V">
              <lines>
                <line number="9" hits="2"/>
              </lines>
            </method>
            <method name="SkillHeaderDisplay" hits="2" signature="()V">
              <lines>
                <line number="23" hits="2"/>
              </lines>
            </method>
          </methods>
          <lines>
            <line number="8" hits="2" branch="false"/>
            <line number="9" hits="2" branch="false"/>
            <line number="24" hits="2" branch="false"/>
            <line number="25" hits="2" branch="false"/>
          </lines>
        </class>
      </classes>
    </package>
    <package name="apps.portfolio.src.components.hero-banner-implementation" line-rate="1" branch-rate="1">
      <classes>
        <class name="hero-banner-implementation.tsx" filename="apps/portfolio/src/components/hero-banner-implementation/hero-banner-implementation.tsx" line-rate="1" branch-rate="1">
          <methods>
            <method name="HeroBannerImplementation" hits="2" signature="()V">
              <lines>
                <line number="15" hits="2"/>
              </lines>
            </method>
          </methods>
          <lines>
            <line number="8" hits="1" branch="false"/>
            <line number="16" hits="2" branch="false"/>
            <line number="54" hits="2" branch="false"/>
          </lines>
        </class>
      </classes>
    </package>
    <package name="apps.portfolio.src.components.hero-display" line-rate="1" branch-rate="1">
      <classes>
        <class name="hero-display.tsx" filename="apps/portfolio/src/components/hero-display/hero-display.tsx" line-rate="1" branch-rate="1">
          <methods>
            <method name="HeroDisplay" hits="5" signature="()V">
              <lines>
                <line number="17" hits="5"/>
              </lines>
            </method>
          </methods>
          <lines>
            <line number="9" hits="6" branch="false"/>
            <line number="18" hits="5" branch="false"/>
            <line number="19" hits="5" branch="false"/>
          </lines>
        </class>
      </classes>
    </package>
    <package name="apps.portfolio.src.components.mdx.vr-viewer" line-rate="0.75" branch-rate="0.5">
      <classes>
        <class name="index.tsx" filename="apps/portfolio/src/components/mdx/vr-viewer/index.tsx" line-rate="0.75" branch-rate="0.5">
          <methods>
            <method name="(anonymous_0)" hits="1" signature="()V">
              <lines>
                <line number="15" hits="1"/>
              </lines>
            </method>
            <method name="VRViewer" hits="1" signature="()V">
              <lines>
                <line number="21" hits="1"/>
              </lines>
            </method>
            <method name="(anonymous_2)" hits="1" signature="()V">
              <lines>
                <line number="22" hits="1"/>
              </lines>
            </method>
          </methods>
          <lines>
            <line number="7" hits="1" branch="false"/>
            <line number="14" hits="1" branch="false"/>
            <line number="15" hits="1" branch="false"/>
            <line number="22" hits="1" branch="false"/>
            <line number="23" hits="1" branch="true" condition-coverage="50% (1/2)"/>
            <line number="24" hits="0" branch="false"/>
            <line number="25" hits="0" branch="false"/>
            <line number="46" hits="1" branch="false"/>
          </lines>
        </class>
      </classes>
    </package>
    <package name="apps.portfolio.src.components.next-post-component" line-rate="1" branch-rate="1">
      <classes>
        <class name="next-post-component.tsx" filename="apps/portfolio/src/components/next-post-component/next-post-component.tsx" line-rate="1" branch-rate="1">
          <methods>
            <method name="(anonymous_0)" hits="1" signature="()V">
              <lines>
                <line number="26" hits="1"/>
              </lines>
            </method>
            <method name="NextPostComponent" hits="3" signature="()V">
              <lines>
                <line number="34" hits="3"/>
              </lines>
            </method>
            <method name="(anonymous_2)" hits="2" signature="()V">
              <lines>
                <line number="50" hits="2"/>
              </lines>
            </method>
          </methods>
          <lines>
            <line number="20" hits="1" branch="false"/>
            <line number="25" hits="1" branch="false"/>
            <line number="26" hits="1" branch="false"/>
            <line number="35" hits="3" branch="false"/>
            <line number="36" hits="2" branch="false"/>
            <line number="50" hits="2" branch="false"/>
            <line number="51" hits="2" branch="true" condition-coverage="100% (2/2)"/>
            <line number="52" hits="1" branch="false"/>
            <line number="54" hits="1" branch="false"/>
            <line number="55" hits="1" branch="false"/>
            <line number="56" hits="1" branch="false"/>
            <line number="57" hits="1" branch="false"/>
          </lines>
        </class>
      </classes>
    </package>
    <package name="apps.portfolio.src.components.pages.tags" line-rate="1" branch-rate="1">
      <classes>
        <class name="index.tsx" filename="apps/portfolio/src/components/pages/tags/index.tsx" line-rate="1" branch-rate="1">
          <methods>
            <method name="TagPage" hits="1" signature="()V">
              <lines>
                <line number="16" hits="1"/>
              </lines>
            </method>
            <method name="(anonymous_1)" hits="1" signature="()V">
              <lines>
                <line number="28" hits="1"/>
              </lines>
            </method>
          </methods>
          <lines>
            <line number="12" hits="1" branch="false"/>
            <line number="17" hits="1" branch="false"/>
            <line number="18" hits="1" branch="false"/>
            <line number="19" hits="1" branch="false"/>
            <line number="20" hits="1" branch="false"/>
            <line number="29" hits="1" branch="false"/>
            <line number="42" hits="1" branch="false"/>
          </lines>
        </class>
      </classes>
    </package>
    <package name="apps.portfolio.src.components.parallax-section-display" line-rate="1" branch-rate="1">
      <classes>
        <class name="index.tsx" filename="apps/portfolio/src/components/parallax-section-display/index.tsx" line-rate="1" branch-rate="1">
          <methods>
            <method name="ParallaxSectionDisplay" hits="4" signature="()V">
              <lines>
                <line number="18" hits="4"/>
              </lines>
            </method>
          </methods>
          <lines>
            <line number="14" hits="5" branch="false"/>
            <line number="19" hits="4" branch="false"/>
            <line number="20" hits="4" branch="false"/>
          </lines>
        </class>
      </classes>
    </package>
    <package name="apps.portfolio.src.components.project-card" line-rate="1" branch-rate="0.5">
      <classes>
        <class name="index.tsx" filename="apps/portfolio/src/components/project-card/index.tsx" line-rate="1" branch-rate="0.5">
          <methods>
            <method name="ProjectCard" hits="3" signature="()V">
              <lines>
                <line number="29" hits="3"/>
              </lines>
            </method>
            <method name="(anonymous_1)" hits="4" signature="()V">
              <lines>
                <line number="67" hits="4"/>
              </lines>
            </method>
          </methods>
          <lines>
            <line number="30" hits="3" branch="false"/>
            <line number="31" hits="2" branch="false"/>
            <line number="32" hits="2" branch="false"/>
            <line number="35" hits="2" branch="false"/>
            <line number="37" hits="2" branch="false"/>
            <line number="38" hits="2" branch="false"/>
            <line number="39" hits="2" branch="false"/>
            <line number="67" hits="4" branch="false"/>
          </lines>
        </class>
      </classes>
    </package>
    <package name="apps.portfolio.src.components.seo-formatter" line-rate="1" branch-rate="0.5">
      <classes>
        <class name="seo-formatter.tsx" filename="apps/portfolio/src/components/seo-formatter/seo-formatter.tsx" line-rate="1" branch-rate="0.5">
          <methods>
            <method name="SeoFormatter" hits="1" signature="()V">
              <lines>
                <line number="15" hits="1"/>
              </lines>
            </method>
            <method name="(anonymous_1)" hits="7" signature="()V">
              <lines>
                <line number="25" hits="7"/>
              </lines>
            </method>
            <method name="(anonymous_2)" hits="3" signature="()V">
              <lines>
                <line number="40" hits="3"/>
              </lines>
            </method>
            <method name="(anonymous_3)" hits="3" signature="()V">
              <lines>
                <line number="54" hits="3"/>
              </lines>
            </method>
          </methods>
          <lines>
            <line number="13" hits="1" branch="false"/>
            <line number="16" hits="1" branch="false"/>
            <line number="18" hits="1" branch="false"/>
            <line number="19" hits="1" branch="false"/>
            <line number="20" hits="1" branch="false"/>
            <line number="22" hits="1" branch="false"/>
            <line number="25" hits="1" branch="false"/>
            <line number="26" hits="7" branch="false"/>
            <line number="28" hits="7" branch="true" condition-coverage="50% (1/2)"/>
            <line number="29" hits="7" branch="false"/>
            <line number="32" hits="7" branch="false"/>
            <line number="34" hits="1" branch="false"/>
            <line number="41" hits="3" branch="false"/>
            <line number="43" hits="3" branch="false"/>
            <line number="55" hits="3" branch="false"/>
          </lines>
        </class>
      </classes>
    </package>
    <package name="apps.portfolio.src.hooks.use-pages" line-rate="0.6666" branch-rate="0">
      <classes>
        <class name="use-pages.tsx" filename="apps/portfolio/src/hooks/use-pages/use-pages.tsx" line-rate="0.6666" branch-rate="0">
          <methods>
            <method name="usePage" hits="6" signature="()V">
              <lines>
                <line number="50" hits="6"/>
              </lines>
            </method>
            <method name="usePages" hits="0" signature="()V">
              <lines>
                <line number="54" hits="0"/>
              </lines>
            </method>
            <method name="(anonymous_2)" hits="0" signature="()V">
              <lines>
                <line number="55" hits="0"/>
              </lines>
            </method>
          </methods>
          <lines>
            <line number="21" hits="6" branch="false"/>
            <line number="51" hits="6" branch="false"/>
            <line number="55" hits="0" branch="false"/>
          </lines>
        </class>
      </classes>
    </package>
    <package name="apps.portfolio.src.pages.projects" line-rate="0.75" branch-rate="1">
      <classes>
        <class name="index.tsx" filename="apps/portfolio/src/pages/projects/index.tsx" line-rate="0.75" branch-rate="1">
          <methods>
            <method name="ProjectsPage" hits="1" signature="()V">
              <lines>
                <line number="17" hits="1"/>
              </lines>
            </method>
            <method name="(anonymous_1)" hits="0" signature="()V">
              <lines>
                <line number="30" hits="0"/>
              </lines>
            </method>
            <method name="(anonymous_2)" hits="0" signature="()V">
              <lines>
                <line number="37" hits="0"/>
              </lines>
            </method>
          </methods>
          <lines>
            <line number="13" hits="1" branch="false"/>
            <line number="18" hits="1" branch="false"/>
            <line number="19" hits="1" branch="false"/>
            <line number="20" hits="1" branch="false"/>
            <line number="24" hits="1" branch="false"/>
            <line number="30" hits="0" branch="false"/>
            <line number="38" hits="0" branch="false"/>
            <line number="52" hits="1" branch="false"/>
          </lines>
        </class>
      </classes>
    </package>
    <package name="apps.portfolio.src.pages.skills" line-rate="1" branch-rate="1">
      <classes>
        <class name="index.tsx" filename="apps/portfolio/src/pages/skills/index.tsx" line-rate="1" branch-rate="1">
          <methods>
            <method name="Skills" hits="1" signature="()V">
              <lines>
                <line number="15" hits="1"/>
              </lines>
            </method>
            <method name="(anonymous_1)" hits="7" signature="()V">
              <lines>
                <line number="24" hits="7"/>
              </lines>
            </method>
            <method name="(anonymous_2)" hits="59" signature="()V">
              <lines>
                <line number="30" hits="59"/>
              </lines>
            </method>
            <method name="(anonymous_3)" hits="13" signature="()V">
              <lines>
                <line number="34" hits="13"/>
              </lines>
            </method>
            <method name="(anonymous_4)" hits="11" signature="()V">
              <lines>
                <line number="35" hits="11"/>
              </lines>
            </method>
            <method name="(anonymous_5)" hits="7" signature="()V">
              <lines>
                <line number="48" hits="7"/>
              </lines>
            </method>
            <method name="(anonymous_6)" hits="38" signature="()V">
              <lines>
                <line number="66" hits="38"/>
              </lines>
            </method>
          </methods>
          <lines>
            <line number="11" hits="1" branch="false"/>
            <line number="16" hits="1" branch="false"/>
            <line number="17" hits="1" branch="false"/>
            <line number="23" hits="1" branch="false"/>
            <line number="25" hits="7" branch="false"/>
            <line number="26" hits="7" branch="false"/>
            <line number="28" hits="7" branch="false"/>
            <line number="30" hits="59" branch="false"/>
            <line number="34" hits="13" branch="false"/>
            <line number="35" hits="11" branch="false"/>
            <line number="37" hits="1" branch="false"/>
            <line number="52" hits="7" branch="false"/>
            <line number="67" hits="38" branch="false"/>
            <line number="103" hits="1" branch="false"/>
          </lines>
        </class>
      </classes>
    </package>
    <package name="apps.portfolio.src.pages.work" line-rate="0.7" branch-rate="0">
      <classes>
        <class name="index.tsx" filename="apps/portfolio/src/pages/work/index.tsx" line-rate="0.7" branch-rate="0">
          <methods>
            <method name="(anonymous_0)" hits="1" signature="()V">
              <lines>
                <line number="17" hits="1"/>
              </lines>
            </method>
            <method name="(anonymous_1)" hits="0" signature="()V">
              <lines>
                <line number="21" hits="0"/>
              </lines>
            </method>
          </methods>
          <lines>
            <line number="13" hits="1" branch="false"/>
            <line number="17" hits="1" branch="false"/>
            <line number="18" hits="1" branch="false"/>
            <line number="19" hits="1" branch="false"/>
            <line number="20" hits="1" branch="false"/>
            <line number="22" hits="0" branch="false"/>
            <line number="24" hits="0" branch="false"/>
            <line number="27" hits="0" branch="false"/>
            <line number="35" hits="1" branch="false"/>
            <line number="44" hits="1" branch="false"/>
          </lines>
        </class>
      </classes>
    </package>
    <package name="apps.portfolio.src.utilities.generate-tag-link" line-rate="1" branch-rate="1">
      <classes>
        <class name="index.ts" filename="apps/portfolio/src/utilities/generate-tag-link/index.ts" line-rate="1" branch-rate="1">
          <methods>
            <method name="(anonymous_0)" hits="14" signature="()V">
              <lines>
                <line number="3" hits="14"/>
              </lines>
            </method>
          </methods>
          <lines>
            <line number="3" hits="2" branch="false"/>
            <line number="4" hits="14" branch="false"/>
          </lines>
        </class>
      </classes>
    </package>
    <package name="apps.portfolio.src.utilities.get-description" line-rate="0.909" branch-rate="0.5">
      <classes>
        <class name="index.ts" filename="apps/portfolio/src/utilities/get-description/index.ts" line-rate="0.909" branch-rate="0.5">
          <methods>
            <method name="(anonymous_0)" hits="4" signature="()V">
              <lines>
                <line number="10" hits="4"/>
              </lines>
            </method>
            <method name="(anonymous_1)" hits="8" signature="()V">
              <lines>
                <line number="15" hits="8"/>
              </lines>
            </method>
          </methods>
          <lines>
            <line number="10" hits="5" branch="false"/>
            <line number="11" hits="4" branch="false"/>
            <line number="12" hits="4" branch="false"/>
            <line number="13" hits="4" branch="false"/>
            <line number="15" hits="4" branch="false"/>
            <line number="16" hits="8" branch="false"/>
            <line number="17" hits="8" branch="false"/>
            <line number="18" hits="8" branch="false"/>
            <line number="20" hits="4" branch="true" condition-coverage="50% (1/2)"/>
            <line number="21" hits="0" branch="false"/>
            <line number="24" hits="4" branch="false"/>
          </lines>
        </class>
      </classes>
    </package>
    <package name="apps.portfolio.src.utilities.test.constants.project-card" line-rate="1" branch-rate="1">
      <classes>
        <class name="index.ts" filename="apps/portfolio/src/utilities/test/constants/project-card/index.ts" line-rate="1" branch-rate="1">
          <methods>
          </methods>
          <lines>
            <line number="24" hits="3" branch="false"/>
          </lines>
        </class>
      </classes>
    </package>
    <package name="libs.generate-badges.src.lib" line-rate="0.1818" branch-rate="0">
      <classes>
        <class name="generate-badges.ts" filename="libs/generate-badges/src/lib/generate-badges.ts" line-rate="0.1818" branch-rate="0">
          <methods>
            <method name="(anonymous_0)" hits="0" signature="()V">
              <lines>
                <line number="52" hits="0"/>
              </lines>
            </method>
            <method name="(anonymous_1)" hits="0" signature="()V">
              <lines>
                <line number="53" hits="0"/>
              </lines>
            </method>
            <method name="(anonymous_2)" hits="0" signature="()V">
              <lines>
                <line number="71" hits="0"/>
              </lines>
            </method>
            <method name="generateBadges" hits="0" signature="()V">
              <lines>
                <line number="80" hits="0"/>
              </lines>
            </method>
            <method name="(anonymous_4)" hits="0" signature="()V">
              <lines>
                <line number="105" hits="0"/>
              </lines>
            </method>
          </methods>
          <lines>
            <line number="1" hits="1" branch="false"/>
            <line number="2" hits="1" branch="false"/>
            <line number="3" hits="1" branch="false"/>
            <line number="52" hits="1" branch="false"/>
            <line number="53" hits="0" branch="false"/>
            <line number="54" hits="0" branch="true" condition-coverage="0% (0/1)"/>
            <line number="55" hits="0" branch="false"/>
            <line number="57" hits="0" branch="true" condition-coverage="0% (0/2)"/>
            <line number="58" hits="0" branch="false"/>
            <line number="59" hits="0" branch="false"/>
            <line number="61" hits="0" branch="false"/>
            <line number="68" hits="0" branch="false"/>
            <line number="71" hits="1" branch="false"/>
            <line number="72" hits="0" branch="false"/>
            <line number="74" hits="0" branch="false"/>
            <line number="75" hits="0" branch="false"/>
            <line number="77" hits="0" branch="false"/>
            <line number="80" hits="1" branch="true" condition-coverage="0% (0/1)"/>
            <line number="81" hits="0" branch="false"/>
            <line number="82" hits="0" branch="false"/>
            <line number="83" hits="0" branch="false"/>
            <line number="84" hits="0" branch="false"/>
            <line number="88" hits="0" branch="false"/>
            <line number="91" hits="0" branch="true" condition-coverage="0% (0/1)"/>
            <line number="92" hits="0" branch="false"/>
            <line number="93" hits="0" branch="false"/>
            <line number="94" hits="0" branch="false"/>
            <line number="96" hits="0" branch="false"/>
            <line number="98" hits="0" branch="false"/>
            <line number="105" hits="0" branch="false"/>
            <line number="106" hits="0" branch="false"/>
            <line number="110" hits="0" branch="false"/>
            <line number="113" hits="0" branch="false"/>
          </lines>
        </class>
      </classes>
    </package>
    <package name="libs.hex-rgb.src" line-rate="1" branch-rate="1">
      <classes>
        <class name="index.ts" filename="libs/hex-rgb/src/index.ts" line-rate="0" branch-rate="0">
          <methods>
          </methods>
          <lines>
          </lines>
        </class>
      </classes>
    </package>
    <package name="libs.hex-rgb.src.lib" line-rate="0.7406999999999999" branch-rate="0.6428">
      <classes>
        <class name="hex-rgb.ts" filename="libs/hex-rgb/src/lib/hex-rgb.ts" line-rate="0.7406999999999999" branch-rate="0.6428">
          <methods>
            <method name="hexRgb" hits="5" signature="()V">
              <lines>
                <line number="75" hits="5"/>
              </lines>
            </method>
            <method name="hexRgb" hits="6" signature="()V">
              <lines>
                <line number="11" hits="6"/>
              </lines>
            </method>
          </methods>
          <lines>
            <line number="2" hits="1" branch="false"/>
            <line number="6" hits="15" branch="false"/>
            <line number="7" hits="15" branch="false"/>
            <line number="8" hits="15" branch="false"/>
            <line number="9" hits="15" branch="false"/>
            <line number="10" hits="15" branch="false"/>
            <line number="12" hits="6" branch="true" condition-coverage="100% (1/1)"/>
            <line number="14" hits="6" branch="true" condition-coverage="100% (5/5)"/>
            <line number="15" hits="1" branch="false"/>
            <line number="17" hits="5" branch="false"/>
            <line number="18" hits="5" branch="false"/>
            <line number="19" hits="5" branch="true" condition-coverage="50% (1/2)"/>
            <line number="20" hits="0" branch="false"/>
            <line number="21" hits="0" branch="false"/>
            <line number="23" hits="5" branch="true" condition-coverage="50% (1/2)"/>
            <line number="24" hits="0" branch="false"/>
            <line number="25" hits="0" branch="false"/>
            <line number="27" hits="5" branch="true" condition-coverage="50% (1/2)"/>
            <line number="28" hits="5" branch="false"/>
            <line number="30" hits="5" branch="false"/>
            <line number="31" hits="5" branch="false"/>
            <line number="32" hits="5" branch="false"/>
            <line number="33" hits="5" branch="false"/>
            <line number="34" hits="5" branch="true" condition-coverage="75% (3/4)"/>
            <line number="35" hits="5" branch="true" condition-coverage="100% (2/2)"/>
            <line number="37" hits="1" branch="false"/>
            <line number="44" hits="4" branch="true" condition-coverage="100% (2/2)"/>
            <line number="45" hits="2" branch="true" condition-coverage="100% (2/2)"/>
            <line number="48" hits="2" branch="false"/>
            <line number="56" hits="2" branch="false"/>
            <line number="79" hits="5" branch="true" condition-coverage="0% (0/1)"/>
            <line number="81" hits="5" branch="true" condition-coverage="50% (1/2)"/>
            <line number="86" hits="0" branch="false"/>
            <line number="89" hits="5" branch="false"/>
            <line number="90" hits="5" branch="false"/>
            <line number="92" hits="5" branch="true" condition-coverage="50% (1/2)"/>
            <line number="93" hits="0" branch="false"/>
            <line number="94" hits="0" branch="false"/>
            <line number="97" hits="5" branch="true" condition-coverage="50% (1/2)"/>
            <line number="98" hits="0" branch="false"/>
            <line number="99" hits="0" branch="false"/>
            <line number="102" hits="5" branch="true" condition-coverage="50% (1/2)"/>
            <line number="103" hits="0" branch="false"/>
            <line number="106" hits="5" branch="false"/>
            <line number="107" hits="5" branch="false"/>
            <line number="108" hits="5" branch="false"/>
            <line number="109" hits="5" branch="false"/>
            <line number="111" hits="5" branch="true" condition-coverage="50% (1/2)"/>
            <line number="113" hits="5" branch="true" condition-coverage="50% (1/2)"/>
            <line number="115" hits="5" branch="false"/>
            <line number="118" hits="0" branch="true" condition-coverage="0% (0/2)"/>
            <line number="120" hits="0" branch="true" condition-coverage="0% (0/2)"/>
            <line number="123" hits="0" branch="false"/>
            <line number="126" hits="0" branch="false"/>
          </lines>
        </class>
      </classes>
    </package>
    <package name="libs.resume-hooks.src.lib" line-rate="1" branch-rate="1">
      <classes>
        <class name="resume-hooks.tsx" filename="libs/resume-hooks/src/lib/resume-hooks.tsx" line-rate="1" branch-rate="1">
          <methods>
            <method name="ResumeHooks" hits="1" signature="()V">
              <lines>
                <line number="10" hits="1"/>
              </lines>
            </method>
          </methods>
          <lines>
            <line number="1" hits="1" branch="false"/>
            <line number="6" hits="1" branch="false"/>
            <line number="10" hits="1" branch="false"/>
            <line number="11" hits="1" branch="false"/>
            <line number="18" hits="1" branch="false"/>
          </lines>
        </class>
      </classes>
    </package>
    <package name="libs.resume-hooks.src.lib.data" line-rate="1" branch-rate="1">
      <classes>
        <class name="rhubarb.ts" filename="libs/resume-hooks/src/lib/data/rhubarb.ts" line-rate="1" branch-rate="1">
          <methods>
          </methods>
          <lines>
            <line number="1" hits="1" branch="false"/>
            <line number="1000" hits="1" branch="false"/>
          </lines>
        </class>
      </classes>
    </package>
    <package name="libs.resume-hooks.src.lib.use-rhubarb-resume" line-rate="1" branch-rate="1">
      <classes>
        <class name="use-rhubarb-resume.ts" filename="libs/resume-hooks/src/lib/use-rhubarb-resume/use-rhubarb-resume.ts" line-rate="1" branch-rate="1">
          <methods>
            <method name="(anonymous_1)" hits="2" signature="()V">
              <lines>
                <line number="29" hits="2"/>
              </lines>
            </method>
            <method name="(anonymous_2)" hits="8" signature="()V">
              <lines>
                <line number="30" hits="8"/>
              </lines>
            </method>
            <method name="(anonymous_3)" hits="42" signature="()V">
              <lines>
                <line number="41" hits="42"/>
              </lines>
            </method>
            <method name="(anonymous_4)" hits="1" signature="()V">
              <lines>
                <line number="47" hits="1"/>
              </lines>
            </method>
            <method name="(anonymous_5)" hits="11" signature="()V">
              <lines>
                <line number="55" hits="11"/>
              </lines>
            </method>
            <method name="(anonymous_6)" hits="6" signature="()V">
              <lines>
                <line number="56" hits="6"/>
              </lines>
            </method>
            <method name="(anonymous_7)" hits="31" signature="()V">
              <lines>
                <line number="60" hits="31"/>
              </lines>
            </method>
            <method name="useRhubarbResume" hits="1" signature="()V">
              <lines>
                <line number="72" hits="1"/>
              </lines>
            </method>
          </methods>
          <lines>
            <line number="2" hits="1" branch="false"/>
            <line number="3" hits="1" branch="false"/>
            <line number="29" hits="1" branch="false"/>
            <line number="30" hits="2" branch="false"/>
            <line number="31" hits="8" branch="false"/>
            <line number="32" hits="8" branch="false"/>
            <line number="33" hits="8" branch="true" condition-coverage="100% (2/2)"/>
            <line number="34" hits="8" branch="false"/>
            <line number="35" hits="8" branch="true" condition-coverage="100% (2/2)"/>
            <line number="36" hits="8" branch="false"/>
            <line number="37" hits="8" branch="false"/>
            <line number="41" hits="42" branch="false"/>
            <line number="47" hits="1" branch="false"/>
            <line number="48" hits="1" branch="false"/>
            <line number="50" hits="1" branch="false"/>
            <line number="55" hits="11" branch="false"/>
            <line number="57" hits="6" branch="false"/>
            <line number="58" hits="6" branch="false"/>
            <line number="60" hits="31" branch="false"/>
            <line number="72" hits="1" branch="false"/>
            <line number="74" hits="1" branch="false"/>
            <line number="77" hits="1" branch="false"/>
            <line number="80" hits="1" branch="false"/>
          </lines>
        </class>
      </classes>
    </package>
    <package name="libs.theme.src.lib" line-rate="1" branch-rate="1">
      <classes>
        <class name="theme.tsx" filename="libs/theme/src/lib/theme.tsx" line-rate="1" branch-rate="1">
          <methods>
          </methods>
          <lines>
            <line number="4" hits="1" branch="false"/>
            <line number="86" hits="1" branch="false"/>
            <line number="87" hits="1" branch="false"/>
            <line number="164" hits="1" branch="false"/>
          </lines>
        </class>
      </classes>
    </package>
    <package name="libs.ui.src" line-rate="1" branch-rate="1">
      <classes>
        <class name="index.ts" filename="libs/ui/src/index.ts" line-rate="0" branch-rate="0">
          <methods>
          </methods>
          <lines>
          </lines>
        </class>
      </classes>
    </package>
    <package name="libs.ui.src.assets.code-thinking" line-rate="1" branch-rate="1">
      <classes>
        <class name="code-thinking.tsx" filename="libs/ui/src/assets/code-thinking/code-thinking.tsx" line-rate="1" branch-rate="1">
          <methods>
            <method name="CodeThinking" hits="3" signature="()V">
              <lines>
                <line number="13" hits="3"/>
              </lines>
            </method>
          </methods>
          <lines>
            <line number="9" hits="10" branch="false"/>
            <line number="14" hits="3" branch="false"/>
            <line number="15" hits="2" branch="true" condition-coverage="100% (2/2)"/>
            <line number="18" hits="2" branch="false"/>
          </lines>
        </class>
      </classes>
    </package>
    <package name="libs.ui.src.assets.generate-circuit-board-background" line-rate="1" branch-rate="1">
      <classes>
        <class name="generate-circuit-board-background.tsx" filename="libs/ui/src/assets/generate-circuit-board-background/generate-circuit-board-background.tsx" line-rate="1" branch-rate="1">
          <methods>
            <method name="GenerateCircuitBoardBackground" hits="2" signature="()V">
              <lines>
                <line number="14" hits="2"/>
              </lines>
            </method>
          </methods>
          <lines>
            <line number="10" hits="11" branch="false"/>
            <line number="17" hits="2" branch="true" condition-coverage="100% (2/2)"/>
            <line number="18" hits="2" branch="false"/>
            <line number="19" hits="2" branch="false"/>
            <line number="21" hits="2" branch="false"/>
            <line number="22" hits="2" branch="false"/>
            <line number="23" hits="2" branch="false"/>
          </lines>
        </class>
      </classes>
    </package>
    <package name="libs.ui.src.assets.generate-galaxy-background" line-rate="1" branch-rate="1">
      <classes>
        <class name="generate-galaxy-background.tsx" filename="libs/ui/src/assets/generate-galaxy-background/generate-galaxy-background.tsx" line-rate="1" branch-rate="1">
          <methods>
            <method name="GenerateGalaxyBackground" hits="3" signature="()V">
              <lines>
                <line number="10" hits="3"/>
              </lines>
            </method>
          </methods>
          <lines>
            <line number="11" hits="3" branch="true" condition-coverage="100% (3/3)"/>
            <line number="12" hits="2" branch="false"/>
            <line number="68" hits="10" branch="false"/>
          </lines>
        </class>
      </classes>
    </package>
    <package name="libs.ui.src.assets.generate-low-poly-background" line-rate="1" branch-rate="1">
      <classes>
        <class name="generate-low-poly-background.tsx" filename="libs/ui/src/assets/generate-low-poly-background/generate-low-poly-background.tsx" line-rate="1" branch-rate="1">
          <methods>
            <method name="GenerateLowPolyBackground" hits="2" signature="()V">
              <lines>
                <line number="14" hits="2"/>
              </lines>
            </method>
          </methods>
          <lines>
            <line number="10" hits="11" branch="false"/>
            <line number="17" hits="2" branch="false"/>
            <line number="18" hits="2" branch="true" condition-coverage="100% (2/2)"/>
            <line number="19" hits="2" branch="false"/>
            <line number="20" hits="2" branch="false"/>
            <line number="21" hits="2" branch="false"/>
            <line number="22" hits="2" branch="false"/>
            <line number="23" hits="2" branch="false"/>
            <line number="24" hits="2" branch="false"/>
            <line number="25" hits="2" branch="false"/>
            <line number="26" hits="2" branch="false"/>
            <line number="27" hits="2" branch="false"/>
            <line number="28" hits="2" branch="false"/>
          </lines>
        </class>
      </classes>
    </package>
    <package name="libs.ui.src.assets.generate-meteor-background" line-rate="1" branch-rate="1">
      <classes>
        <class name="generate-meteor-background.tsx" filename="libs/ui/src/assets/generate-meteor-background/generate-meteor-background.tsx" line-rate="1" branch-rate="1">
          <methods>
            <method name="GenerateMeteorBackground" hits="1" signature="()V">
              <lines>
                <line number="13" hits="1"/>
              </lines>
            </method>
          </methods>
          <lines>
            <line number="9" hits="11" branch="false"/>
            <line number="14" hits="1" branch="false"/>
            <line number="16" hits="1" branch="false"/>
            <line number="20" hits="1" branch="false"/>
            <line number="23" hits="1" branch="false"/>
            <line number="24" hits="1" branch="false"/>
            <line number="26" hits="1" branch="false"/>
          </lines>
        </class>
      </classes>
    </package>
    <package name="libs.ui.src.assets.generate-planet-background" line-rate="0.92" branch-rate="0.8125">
      <classes>
        <class name="generate-planet-background.tsx" filename="libs/ui/src/assets/generate-planet-background/generate-planet-background.tsx" line-rate="0.92" branch-rate="0.8125">
          <methods>
            <method name="(anonymous_0)" hits="0" signature="()V">
              <lines>
                <line number="16" hits="0"/>
              </lines>
            </method>
            <method name="(anonymous_1)" hits="25" signature="()V">
              <lines>
                <line number="21" hits="25"/>
              </lines>
            </method>
            <method name="(anonymous_2)" hits="10" signature="()V">
              <lines>
                <line number="35" hits="10"/>
              </lines>
            </method>
            <method name="(anonymous_3)" hits="1" signature="()V">
              <lines>
                <line number="44" hits="1"/>
              </lines>
            </method>
            <method name="(anonymous_4)" hits="6" signature="()V">
              <lines>
                <line number="77" hits="6"/>
              </lines>
            </method>
            <method name="(anonymous_5)" hits="6" signature="()V">
              <lines>
                <line number="78" hits="6"/>
              </lines>
            </method>
            <method name="(anonymous_6)" hits="6" signature="()V">
              <lines>
                <line number="84" hits="6"/>
              </lines>
            </method>
            <method name="(anonymous_7)" hits="8" signature="()V">
              <lines>
                <line number="132" hits="8"/>
              </lines>
            </method>
            <method name="(anonymous_8)" hits="4" signature="()V">
              <lines>
                <line number="151" hits="4"/>
              </lines>
            </method>
            <method name="(anonymous_9)" hits="6" signature="()V">
              <lines>
                <line number="171" hits="6"/>
              </lines>
            </method>
            <method name="(anonymous_10)" hits="0" signature="()V">
              <lines>
                <line number="195" hits="0"/>
              </lines>
            </method>
            <method name="(anonymous_11)" hits="0" signature="()V">
              <lines>
                <line number="203" hits="0"/>
              </lines>
            </method>
          </methods>
          <lines>
            <line number="15" hits="11" branch="false"/>
            <line number="16" hits="0" branch="false"/>
            <line number="21" hits="11" branch="false"/>
            <line number="26" hits="25" branch="true" condition-coverage="100% (2/2)"/>
            <line number="27" hits="20" branch="false"/>
            <line number="29" hits="25" branch="false"/>
            <line number="30" hits="25" branch="true" condition-coverage="100% (2/2)"/>
            <line number="31" hits="12" branch="false"/>
            <line number="33" hits="13" branch="false"/>
            <line number="35" hits="11" branch="false"/>
            <line number="36" hits="10" branch="true" condition-coverage="100% (2/2)"/>
            <line number="37" hits="6" branch="false"/>
            <line number="39" hits="10" branch="false"/>
            <line number="40" hits="10" branch="false"/>
            <line number="41" hits="10" branch="false"/>
            <line number="44" hits="11" branch="false"/>
            <line number="47" hits="1" branch="false"/>
            <line number="48" hits="1" branch="false"/>
            <line number="50" hits="1" branch="true" condition-coverage="100% (2/2)"/>
            <line number="51" hits="1" branch="true" condition-coverage="100% (2/2)"/>
            <line number="53" hits="1" branch="true" condition-coverage="50% (1/2)"/>
            <line number="54" hits="0" branch="false"/>
            <line number="57" hits="1" branch="false"/>
            <line number="58" hits="1" branch="false"/>
            <line number="63" hits="1" branch="false"/>
            <line number="64" hits="1" branch="false"/>
            <line number="66" hits="1" branch="false"/>
            <line number="68" hits="1" branch="false"/>
            <line number="77" hits="1" branch="false"/>
            <line number="78" hits="6" branch="false"/>
            <line number="79" hits="6" branch="false"/>
            <line number="84" hits="6" branch="false"/>
            <line number="85" hits="6" branch="false"/>
            <line number="91" hits="6" branch="false"/>
            <line number="98" hits="6" branch="false"/>
            <line number="102" hits="6" branch="false"/>
            <line number="103" hits="6" branch="false"/>
            <line number="105" hits="6" branch="false"/>
            <line number="132" hits="1" branch="false"/>
            <line number="133" hits="8" branch="false"/>
            <line number="138" hits="1" branch="false"/>
            <line number="152" hits="4" branch="false"/>
            <line number="156" hits="4" branch="false"/>
            <line number="172" hits="6" branch="false"/>
            <line number="173" hits="6" branch="false"/>
            <line number="174" hits="6" branch="false"/>
            <line number="193" hits="11" branch="false"/>
            <line number="196" hits="0" branch="false"/>
            <line number="202" hits="11" branch="false"/>
            <line number="203" hits="0" branch="false"/>
          </lines>
        </class>
      </classes>
    </package>
    <package name="libs.ui.src.assets.generate-soundwave-background" line-rate="1" branch-rate="1">
      <classes>
        <class name="generate-soundwave-background.tsx" filename="libs/ui/src/assets/generate-soundwave-background/generate-soundwave-background.tsx" line-rate="1" branch-rate="1">
          <methods>
            <method name="GenerateSoundwaveBackground" hits="1" signature="()V">
              <lines>
                <line number="14" hits="1"/>
              </lines>
            </method>
          </methods>
          <lines>
            <line number="10" hits="11" branch="false"/>
            <line number="17" hits="1" branch="false"/>
            <line number="18" hits="1" branch="true" condition-coverage="100% (2/2)"/>
            <line number="19" hits="1" branch="false"/>
            <line number="20" hits="1" branch="false"/>
            <line number="21" hits="1" branch="false"/>
            <line number="23" hits="1" branch="false"/>
          </lines>
        </class>
      </classes>
    </package>
    <package name="libs.ui.src.assets.generate-waves-background" line-rate="1" branch-rate="1">
      <classes>
        <class name="generate-waves-background.tsx" filename="libs/ui/src/assets/generate-waves-background/generate-waves-background.tsx" line-rate="1" branch-rate="1">
          <methods>
            <method name="GenerateWavesBackground" hits="1" signature="()V">
              <lines>
                <line number="16" hits="1"/>
              </lines>
            </method>
            <method name="(anonymous_1)" hits="3" signature="()V">
              <lines>
                <line number="22" hits="3"/>
              </lines>
            </method>
          </methods>
          <lines>
            <line number="11" hits="11" branch="false"/>
            <line number="17" hits="1" branch="false"/>
            <line number="18" hits="1" branch="true" condition-coverage="100% (2/2)"/>
            <line number="19" hits="1" branch="false"/>
            <line number="20" hits="1" branch="false"/>
            <line number="21" hits="1" branch="false"/>
            <line number="22" hits="1" branch="false"/>
            <line number="23" hits="3" branch="false"/>
            <line number="24" hits="3" branch="false"/>
            <line number="26" hits="1" branch="false"/>
          </lines>
        </class>
      </classes>
    </package>
    <package name="libs.ui.src.assets.git-lab-icon" line-rate="1" branch-rate="1">
      <classes>
        <class name="git-lab-icon.tsx" filename="libs/ui/src/assets/git-lab-icon/git-lab-icon.tsx" line-rate="1" branch-rate="1">
          <methods>
            <method name="GitLabIcon" hits="1" signature="()V">
              <lines>
                <line number="13" hits="1"/>
              </lines>
            </method>
          </methods>
          <lines>
            <line number="7" hits="10" branch="false"/>
            <line number="14" hits="1" branch="false"/>
          </lines>
        </class>
      </classes>
    </package>
    <package name="libs.ui.src.assets.polygon-background" line-rate="1" branch-rate="1">
      <classes>
        <class name="polygon-background.tsx" filename="libs/ui/src/assets/polygon-background/polygon-background.tsx" line-rate="1" branch-rate="1">
          <methods>
            <method name="PolygonBackground" hits="1" signature="()V">
              <lines>
                <line number="16" hits="1"/>
              </lines>
            </method>
          </methods>
          <lines>
            <line number="17" hits="1" branch="false"/>
            <line number="23" hits="1" branch="false"/>
            <line number="27" hits="1" branch="false"/>
            <line number="28" hits="1" branch="false"/>
            <line number="146" hits="11" branch="false"/>
          </lines>
        </class>
      </classes>
    </package>
    <package name="libs.ui.src.assets.star-background" line-rate="1" branch-rate="1">
      <classes>
        <class name="generate-shadows.tsx" filename="libs/ui/src/assets/star-background/generate-shadows.tsx" line-rate="1" branch-rate="1">
          <methods>
            <method name="(anonymous_0)" hits="4" signature="()V">
              <lines>
                <line number="5" hits="4"/>
              </lines>
            </method>
            <method name="(anonymous_1)" hits="2" signature="()V">
              <lines>
                <line number="27" hits="2"/>
              </lines>
            </method>
          </methods>
          <lines>
            <line number="5" hits="11" branch="false"/>
            <line number="7" hits="4" branch="true" condition-coverage="100% (2/2)"/>
            <line number="8" hits="4" branch="true" condition-coverage="100% (2/2)"/>
            <line number="9" hits="4" branch="false"/>
            <line number="10" hits="4" branch="false"/>
            <line number="11" hits="2800" branch="false"/>
            <line number="17" hits="2800" branch="false"/>
            <line number="20" hits="4" branch="false"/>
            <line number="23" hits="11" branch="false"/>
            <line number="28" hits="2" branch="true" condition-coverage="100% (2/2)"/>
            <line number="29" hits="2" branch="false"/>
            <line number="31" hits="2" branch="false"/>
          </lines>
        </class>
        <class name="star-background.tsx" filename="libs/ui/src/assets/star-background/star-background.tsx" line-rate="1" branch-rate="1">
          <methods>
            <method name="StarBackground" hits="3" signature="()V">
              <lines>
                <line number="24" hits="3"/>
              </lines>
            </method>
            <method name="(anonymous_1)" hits="3" signature="()V">
              <lines>
                <line number="27" hits="3"/>
              </lines>
            </method>
          </methods>
          <lines>
            <line number="6" hits="11" branch="false"/>
            <line number="19" hits="11" branch="false"/>
            <line number="25" hits="3" branch="false"/>
            <line number="28" hits="3" branch="false"/>
          </lines>
        </class>
      </classes>
    </package>
    <package name="libs.ui.src.components.chip-list-display" line-rate="1" branch-rate="0.5">
      <classes>
        <class name="chip-list-display.tsx" filename="libs/ui/src/components/chip-list-display/chip-list-display.tsx" line-rate="1" branch-rate="0.5">
          <methods>
            <method name="(anonymous_0)" hits="3" signature="()V">
              <lines>
                <line number="13" hits="3"/>
              </lines>
            </method>
            <method name="(anonymous_1)" hits="4" signature="()V">
              <lines>
                <line number="23" hits="4"/>
              </lines>
            </method>
            <method name="ChipListDisplay" hits="3" signature="()V">
              <lines>
                <line number="27" hits="3"/>
              </lines>
            </method>
            <method name="(anonymous_3)" hits="4" signature="()V">
              <lines>
                <line number="32" hits="4"/>
              </lines>
            </method>
          </methods>
          <lines>
            <line number="12" hits="10" branch="false"/>
            <line number="13" hits="3" branch="false"/>
            <line number="23" hits="10" branch="false"/>
            <line number="28" hits="3" branch="false"/>
            <line number="29" hits="3" branch="false"/>
            <line number="30" hits="3" branch="false"/>
            <line number="33" hits="4" branch="false"/>
            <line number="34" hits="4" branch="false"/>
          </lines>
        </class>
      </classes>
    </package>
    <package name="libs.ui.src.components.detail-card-display" line-rate="1" branch-rate="1">
      <classes>
        <class name="detail-card-display.tsx" filename="libs/ui/src/components/detail-card-display/detail-card-display.tsx" line-rate="1" branch-rate="1">
          <methods>
            <method name="(anonymous_0)" hits="5" signature="()V">
              <lines>
                <line number="15" hits="5"/>
              </lines>
            </method>
            <method name="DetailCardDisplay" hits="5" signature="()V">
              <lines>
                <line number="25" hits="5"/>
              </lines>
            </method>
          </methods>
          <lines>
            <line number="13" hits="10" branch="false"/>
            <line number="14" hits="10" branch="false"/>
            <line number="15" hits="5" branch="false"/>
            <line number="26" hits="5" branch="false"/>
            <line number="27" hits="5" branch="false"/>
          </lines>
        </class>
      </classes>
    </package>
    <package name="libs.ui.src.components.detail-list-display" line-rate="0.5" branch-rate="0.1666">
      <classes>
        <class name="detail-list-display.tsx" filename="libs/ui/src/components/detail-list-display/detail-list-display.tsx" line-rate="0.5" branch-rate="0.1666">
          <methods>
            <method name="(anonymous_0)" hits="0" signature="()V">
              <lines>
                <line number="17" hits="0"/>
              </lines>
            </method>
            <method name="DetailListDisplay" hits="1" signature="()V">
              <lines>
                <line number="32" hits="1"/>
              </lines>
            </method>
            <method name="(anonymous_2)" hits="0" signature="()V">
              <lines>
                <line number="51" hits="0"/>
              </lines>
            </method>
          </methods>
          <lines>
            <line number="11" hits="10" branch="false"/>
            <line number="17" hits="10" branch="false"/>
            <line number="21" hits="10" branch="false"/>
            <line number="33" hits="1" branch="false"/>
            <line number="34" hits="1" branch="false"/>
            <line number="52" hits="0" branch="true" condition-coverage="0% (0/2)"/>
            <line number="53" hits="0" branch="true" condition-coverage="0% (0/2)"/>
            <line number="54" hits="0" branch="false"/>
            <line number="60" hits="0" branch="false"/>
            <line number="66" hits="0" branch="false"/>
          </lines>
        </class>
      </classes>
    </package>
    <package name="libs.ui.src.components.footer-display" line-rate="0.7142000000000001" branch-rate="1">
      <classes>
        <class name="footer-display.tsx" filename="libs/ui/src/components/footer-display/footer-display.tsx" line-rate="0.7142000000000001" branch-rate="1">
          <methods>
            <method name="(anonymous_0)" hits="1" signature="()V">
              <lines>
                <line number="20" hits="1"/>
              </lines>
            </method>
            <method name="(anonymous_1)" hits="4" signature="()V">
              <lines>
                <line number="28" hits="4"/>
              </lines>
            </method>
            <method name="FooterDisplay" hits="2" signature="()V">
              <lines>
                <line number="40" hits="2"/>
              </lines>
            </method>
            <method name="(anonymous_3)" hits="0" signature="()V">
              <lines>
                <line number="71" hits="0"/>
              </lines>
            </method>
            <method name="(anonymous_4)" hits="0" signature="()V">
              <lines>
                <line number="86" hits="0"/>
              </lines>
            </method>
          </methods>
          <lines>
            <line number="19" hits="10" branch="false"/>
            <line number="20" hits="1" branch="false"/>
            <line number="28" hits="10" branch="false"/>
            <line number="41" hits="2" branch="false"/>
            <line number="42" hits="1" branch="false"/>
            <line number="72" hits="0" branch="false"/>
            <line number="87" hits="0" branch="false"/>
          </lines>
        </class>
      </classes>
    </package>
    <package name="libs.ui.src.components.gradient-text" line-rate="0.8234999999999999" branch-rate="0.8332999999999999">
      <classes>
        <class name="gradient-text.tsx" filename="libs/ui/src/components/gradient-text/gradient-text.tsx" line-rate="0.8234999999999999" branch-rate="0.8332999999999999">
          <methods>
            <method name="(anonymous_0)" hits="7" signature="()V">
              <lines>
                <line number="6" hits="7"/>
              </lines>
            </method>
            <method name="(anonymous_1)" hits="6" signature="()V">
              <lines>
                <line number="41" hits="6"/>
              </lines>
            </method>
          </methods>
          <lines>
            <line number="6" hits="15" branch="false"/>
            <line number="7" hits="7" branch="false"/>
            <line number="8" hits="7" branch="false"/>
            <line number="9" hits="7" branch="true" condition-coverage="100% (2/2)"/>
            <line number="10" hits="3" branch="false"/>
            <line number="12" hits="7" branch="true" condition-coverage="100% (2/2)"/>
            <line number="14" hits="3" branch="false"/>
            <line number="15" hits="3" branch="false"/>
            <line number="16" hits="3" branch="false"/>
            <line number="21" hits="4" branch="true" condition-coverage="50% (1/2)"/>
            <line number="22" hits="0" branch="false"/>
            <line number="23" hits="0" branch="false"/>
            <line number="24" hits="0" branch="false"/>
            <line number="26" hits="4" branch="false"/>
            <line number="27" hits="4" branch="false"/>
            <line number="40" hits="15" branch="false"/>
            <line number="41" hits="6" branch="false"/>
          </lines>
        </class>
      </classes>
    </package>
    <package name="libs.ui.src.components.hero-banner" line-rate="1" branch-rate="1">
      <classes>
        <class name="hero-banner.tsx" filename="libs/ui/src/components/hero-banner/hero-banner.tsx" line-rate="1" branch-rate="1">
          <methods>
            <method name="(anonymous_0)" hits="2" signature="()V">
              <lines>
                <line number="24" hits="2"/>
              </lines>
            </method>
            <method name="(anonymous_1)" hits="2" signature="()V">
              <lines>
                <line number="75" hits="2"/>
              </lines>
            </method>
            <method name="(anonymous_2)" hits="2" signature="()V">
              <lines>
                <line number="88" hits="2"/>
              </lines>
            </method>
            <method name="HeroBanner" hits="4" signature="()V">
              <lines>
                <line number="98" hits="4"/>
              </lines>
            </method>
          </methods>
          <lines>
            <line number="23" hits="10" branch="false"/>
            <line number="24" hits="2" branch="false"/>
            <line number="68" hits="10" branch="false"/>
            <line number="74" hits="10" branch="false"/>
            <line number="75" hits="2" branch="false"/>
            <line number="87" hits="10" branch="false"/>
            <line number="88" hits="2" branch="false"/>
            <line number="99" hits="4" branch="false"/>
            <line number="100" hits="2" branch="false"/>
            <line number="101" hits="2" branch="false"/>
            <line number="112" hits="2" branch="false"/>
            <line number="134" hits="2" branch="false"/>
            <line number="142" hits="2" branch="false"/>
            <line number="149" hits="2" branch="false"/>
            <line number="169" hits="2" branch="false"/>
          </lines>
        </class>
      </classes>
    </package>
    <package name="libs.ui.src.components.hero-display" line-rate="0.7142000000000001" branch-rate="1">
      <classes>
        <class name="hero-display.tsx" filename="libs/ui/src/components/hero-display/hero-display.tsx" line-rate="0.7142000000000001" branch-rate="1">
          <methods>
            <method name="(anonymous_0)" hits="0" signature="()V">
              <lines>
                <line number="15" hits="0"/>
              </lines>
            </method>
            <method name="(anonymous_1)" hits="0" signature="()V">
              <lines>
                <line number="37" hits="0"/>
              </lines>
            </method>
            <method name="(anonymous_2)" hits="0" signature="()V">
              <lines>
                <line number="38" hits="0"/>
              </lines>
            </method>
            <method name="HeroDisplay" hits="6" signature="()V">
              <lines>
                <line number="62" hits="6"/>
              </lines>
            </method>
            <method name="(anonymous_4)" hits="6" signature="()V">
              <lines>
                <line number="67" hits="6"/>
              </lines>
            </method>
          </methods>
          <lines>
            <line number="15" hits="10" branch="false"/>
            <line number="27" hits="0" branch="false"/>
            <line number="37" hits="10" branch="false"/>
            <line number="38" hits="0" branch="false"/>
            <line number="63" hits="6" branch="false"/>
            <line number="65" hits="6" branch="false"/>
            <line number="68" hits="6" branch="false"/>
          </lines>
        </class>
      </classes>
    </package>
    <package name="libs.ui.src.components.info-text-display" line-rate="1" branch-rate="1">
      <classes>
        <class name="info-text-display.tsx" filename="libs/ui/src/components/info-text-display/info-text-display.tsx" line-rate="1" branch-rate="1">
          <methods>
            <method name="(anonymous_0)" hits="11" signature="()V">
              <lines>
                <line number="10" hits="11"/>
              </lines>
            </method>
            <method name="InfoTextDisplay" hits="11" signature="()V">
              <lines>
                <line number="22" hits="11"/>
              </lines>
            </method>
          </methods>
          <lines>
            <line number="9" hits="11" branch="false"/>
            <line number="10" hits="11" branch="false"/>
            <line number="23" hits="11" branch="false"/>
            <line number="24" hits="11" branch="false"/>
          </lines>
        </class>
      </classes>
    </package>
    <package name="libs.ui.src.components.masonry-grid-component" line-rate="0.7142000000000001" branch-rate="0.6">
      <classes>
        <class name="masonry-grid-component.tsx" filename="libs/ui/src/components/masonry-grid-component/masonry-grid-component.tsx" line-rate="0.7142000000000001" branch-rate="0.6">
          <methods>
            <method name="(anonymous_0)" hits="1" signature="()V">
              <lines>
                <line number="22" hits="1"/>
              </lines>
            </method>
            <method name="MasonryGridComponent" hits="1" signature="()V">
              <lines>
                <line number="45" hits="1"/>
              </lines>
            </method>
            <method name="(anonymous_2)" hits="0" signature="()V">
              <lines>
                <line number="52" hits="0"/>
              </lines>
            </method>
          </methods>
          <lines>
            <line number="19" hits="10" branch="false"/>
            <line number="21" hits="10" branch="false"/>
            <line number="22" hits="1" branch="false"/>
            <line number="46" hits="1" branch="false"/>
            <line number="47" hits="1" branch="false"/>
            <line number="49" hits="1" branch="false"/>
            <line number="50" hits="1" branch="false"/>
            <line number="51" hits="1" branch="true" condition-coverage="50% (1/2)"/>
            <line number="53" hits="0" branch="false"/>
            <line number="54" hits="0" branch="true" condition-coverage="0% (0/2)"/>
            <line number="55" hits="0" branch="false"/>
            <line number="57" hits="0" branch="false"/>
            <line number="61" hits="1" branch="false"/>
            <line number="69" hits="1" branch="false"/>
          </lines>
        </class>
      </classes>
    </package>
    <package name="libs.ui.src.components.page-background" line-rate="1" branch-rate="1">
      <classes>
        <class name="page-background.tsx" filename="libs/ui/src/components/page-background/page-background.tsx" line-rate="1" branch-rate="1">
          <methods>
            <method name="(anonymous_0)" hits="2" signature="()V">
              <lines>
                <line number="11" hits="2"/>
              </lines>
            </method>
            <method name="(anonymous_1)" hits="2" signature="()V">
              <lines>
                <line number="51" hits="2"/>
              </lines>
            </method>
          </methods>
          <lines>
            <line number="11" hits="10" branch="false"/>
            <line number="23" hits="2" branch="false"/>
            <line number="51" hits="10" branch="false"/>
            <line number="52" hits="2" branch="false"/>
            <line number="53" hits="2" branch="false"/>
          </lines>
        </class>
      </classes>
    </package>
    <package name="libs.ui.src.components.parallax-background" line-rate="0.44439999999999996" branch-rate="0.36840000000000006">
      <classes>
        <class name="parallax-background.tsx" filename="libs/ui/src/components/parallax-background/parallax-background.tsx" line-rate="0.44439999999999996" branch-rate="0.36840000000000006">
          <methods>
            <method name="(anonymous_0)" hits="5" signature="()V">
              <lines>
                <line number="31" hits="5"/>
              </lines>
            </method>
            <method name="(anonymous_1)" hits="0" signature="()V">
              <lines>
                <line number="46" hits="0"/>
              </lines>
            </method>
            <method name="(anonymous_2)" hits="0" signature="()V">
              <lines>
                <line number="57" hits="0"/>
              </lines>
            </method>
            <method name="ParallaxBackground" hits="5" signature="()V">
              <lines>
                <line number="94" hits="5"/>
              </lines>
            </method>
            <method name="(anonymous_4)" hits="5" signature="()V">
              <lines>
                <line number="100" hits="5"/>
              </lines>
            </method>
          </methods>
          <lines>
            <line number="28" hits="10" branch="false"/>
            <line number="30" hits="10" branch="false"/>
            <line number="31" hits="5" branch="false"/>
            <line number="45" hits="10" branch="false"/>
            <line number="46" hits="0" branch="false"/>
            <line number="57" hits="10" branch="false"/>
            <line number="62" hits="0" branch="false"/>
            <line number="64" hits="0" branch="true" condition-coverage="0% (0/7)"/>
            <line number="66" hits="0" branch="false"/>
            <line number="68" hits="0" branch="false"/>
            <line number="70" hits="0" branch="false"/>
            <line number="79" hits="0" branch="false"/>
            <line number="81" hits="0" branch="false"/>
            <line number="83" hits="0" branch="false"/>
            <line number="85" hits="0" branch="false"/>
            <line number="95" hits="5" branch="false"/>
            <line number="97" hits="5" branch="false"/>
            <line number="103" hits="5" branch="false"/>
          </lines>
        </class>
      </classes>
    </package>
    <package name="libs.ui.src.components.section-container" line-rate="1" branch-rate="1">
      <classes>
        <class name="section-container.tsx" filename="libs/ui/src/components/section-container/section-container.tsx" line-rate="1" branch-rate="1">
          <methods>
            <method name="(anonymous_0)" hits="1" signature="()V">
              <lines>
                <line number="9" hits="1"/>
              </lines>
            </method>
          </methods>
          <lines>
            <line number="6" hits="10" branch="false"/>
            <line number="8" hits="10" branch="false"/>
            <line number="9" hits="1" branch="false"/>
          </lines>
        </class>
      </classes>
    </package>
    <package name="libs.ui.src.components.section-display" line-rate="1" branch-rate="1">
      <classes>
        <class name="section-display.tsx" filename="libs/ui/src/components/section-display/section-display.tsx" line-rate="1" branch-rate="1">
          <methods>
            <method name="(anonymous_0)" hits="1" signature="()V">
              <lines>
                <line number="12" hits="1"/>
              </lines>
            </method>
            <method name="(anonymous_1)" hits="1" signature="()V">
              <lines>
                <line number="24" hits="1"/>
              </lines>
            </method>
            <method name="SectionDisplay" hits="1" signature="()V">
              <lines>
                <line number="44" hits="1"/>
              </lines>
            </method>
          </methods>
          <lines>
            <line number="11" hits="10" branch="false"/>
            <line number="12" hits="1" branch="false"/>
            <line number="23" hits="10" branch="false"/>
            <line number="24" hits="1" branch="false"/>
            <line number="45" hits="1" branch="false"/>
            <line number="46" hits="1" branch="false"/>
            <line number="47" hits="1" branch="false"/>
            <line number="48" hits="1" branch="false"/>
          </lines>
        </class>
      </classes>
    </package>
    <package name="libs.ui.src.components.social-icon-button" line-rate="0.5832999999999999" branch-rate="0.4285">
      <classes>
        <class name="social-icon-button.tsx" filename="libs/ui/src/components/social-icon-button/social-icon-button.tsx" line-rate="0.5832999999999999" branch-rate="0.4285">
          <methods>
            <method name="(anonymous_0)" hits="0" signature="()V">
              <lines>
                <line number="18" hits="0"/>
              </lines>
            </method>
            <method name="(anonymous_1)" hits="1" signature="()V">
              <lines>
                <line number="23" hits="1"/>
              </lines>
            </method>
            <method name="SocialIconButton" hits="1" signature="()V">
              <lines>
                <line number="42" hits="1"/>
              </lines>
            </method>
          </methods>
          <lines>
            <line number="17" hits="11" branch="false"/>
            <line number="18" hits="0" branch="false"/>
            <line number="23" hits="11" branch="false"/>
            <line number="24" hits="1" branch="true" condition-coverage="20% (1/5)"/>
            <line number="26" hits="0" branch="false"/>
            <line number="28" hits="0" branch="false"/>
            <line number="30" hits="0" branch="false"/>
            <line number="32" hits="0" branch="false"/>
            <line number="34" hits="1" branch="false"/>
            <line number="43" hits="1" branch="false"/>
            <line number="44" hits="1" branch="false"/>
            <line number="46" hits="1" branch="false"/>
          </lines>
        </class>
      </classes>
    </package>
    <package name="libs.ui.src.components.speed-dial-navigation" line-rate="0.875" branch-rate="0.5">
      <classes>
        <class name="speed-dial-navigation.tsx" filename="libs/ui/src/components/speed-dial-navigation/speed-dial-navigation.tsx" line-rate="0.875" branch-rate="0.5">
          <methods>
            <method name="(anonymous_0)" hits="1" signature="()V">
              <lines>
                <line number="16" hits="1"/>
              </lines>
            </method>
            <method name="(anonymous_1)" hits="1" signature="()V">
              <lines>
                <line number="36" hits="1"/>
              </lines>
            </method>
            <method name="SpeedDialNavigation" hits="1" signature="()V">
              <lines>
                <line number="49" hits="1"/>
              </lines>
            </method>
            <method name="(anonymous_3)" hits="0" signature="()V">
              <lines>
                <line number="52" hits="0"/>
              </lines>
            </method>
            <method name="(anonymous_4)" hits="0" signature="()V">
              <lines>
                <line number="53" hits="0"/>
              </lines>
            </method>
            <method name="(anonymous_5)" hits="0" signature="()V">
              <lines>
                <line number="83" hits="0"/>
              </lines>
            </method>
          </methods>
          <lines>
            <line number="16" hits="10" branch="false"/>
            <line number="36" hits="10" branch="false"/>
            <line number="50" hits="1" branch="false"/>
            <line number="51" hits="1" branch="false"/>
            <line number="52" hits="1" branch="false"/>
            <line number="53" hits="1" branch="false"/>
            <line number="54" hits="1" branch="false"/>
            <line number="84" hits="0" branch="false"/>
          </lines>
        </class>
      </classes>
    </package>
    <package name="libs.ui.src.components.text-header-display" line-rate="0.6666" branch-rate="0.5384">
      <classes>
        <class name="text-header-display.tsx" filename="libs/ui/src/components/text-header-display/text-header-display.tsx" line-rate="0.6666" branch-rate="0.5384">
          <methods>
            <method name="TextHeaderDisplay" hits="2" signature="()V">
              <lines>
                <line number="39" hits="2"/>
              </lines>
            </method>
          </methods>
          <lines>
            <line number="25" hits="11" branch="false"/>
            <line number="29" hits="11" branch="false"/>
            <line number="49" hits="2" branch="false"/>
            <line number="50" hits="2" branch="false"/>
            <line number="51" hits="2" branch="false"/>
            <line number="53" hits="2" branch="true" condition-coverage="50% (1/2)"/>
            <line number="54" hits="0" branch="false"/>
            <line number="55" hits="0" branch="true" condition-coverage="0% (0/2)"/>
            <line number="56" hits="0" branch="false"/>
            <line number="59" hits="2" branch="true" condition-coverage="50% (1/2)"/>
            <line number="60" hits="0" branch="false"/>
            <line number="63" hits="2" branch="false"/>
          </lines>
        </class>
      </classes>
    </package>
    <package name="libs.ui.src.lib" line-rate="1" branch-rate="1">
      <classes>
        <class name="ui.tsx" filename="libs/ui/src/lib/ui.tsx" line-rate="1" branch-rate="1">
          <methods>
            <method name="Ui" hits="1" signature="()V">
              <lines>
                <line number="10" hits="1"/>
              </lines>
            </method>
          </methods>
          <lines>
            <line number="6" hits="10" branch="false"/>
            <line number="11" hits="1" branch="false"/>
          </lines>
        </class>
      </classes>
    </package>
    <package name="libs.ui.src.lib.utilities.css-image-settings" line-rate="1" branch-rate="1">
      <classes>
        <class name="index.ts" filename="libs/ui/src/lib/utilities/css-image-settings/index.ts" line-rate="1" branch-rate="1">
          <methods>
          </methods>
          <lines>
            <line number="1" hits="13" branch="false"/>
          </lines>
        </class>
      </classes>
    </package>
    <package name="libs.ui.src.lib.utilities.functions.generate-gradient" line-rate="1" branch-rate="1">
      <classes>
        <class name="index.ts" filename="libs/ui/src/lib/utilities/functions/generate-gradient/index.ts" line-rate="1" branch-rate="1">
          <methods>
            <method name="(anonymous_0)" hits="8" signature="()V">
              <lines>
                <line number="3" hits="8"/>
              </lines>
            </method>
            <method name="(anonymous_1)" hits="3" signature="()V">
              <lines>
                <line number="10" hits="3"/>
              </lines>
            </method>
            <method name="(anonymous_2)" hits="14" signature="()V">
              <lines>
                <line number="17" hits="14"/>
              </lines>
            </method>
          </methods>
          <lines>
            <line number="3" hits="14" branch="false"/>
            <line number="4" hits="8" branch="false"/>
            <line number="10" hits="14" branch="false"/>
            <line number="11" hits="3" branch="false"/>
            <line number="17" hits="14" branch="false"/>
            <line number="18" hits="14" branch="false"/>
          </lines>
        </class>
      </classes>
    </package>
    <package name="libs.ui.src.lib.utilities.functions.generateBase64" line-rate="0.7142000000000001" branch-rate="1">
      <classes>
        <class name="index.ts" filename="libs/ui/src/lib/utilities/functions/generateBase64/index.ts" line-rate="0.7142000000000001" branch-rate="1">
          <methods>
            <method name="(anonymous_0)" hits="1" signature="()V">
              <lines>
                <line number="5" hits="1"/>
              </lines>
            </method>
            <method name="(anonymous_1)" hits="0" signature="()V">
              <lines>
                <line number="12" hits="0"/>
              </lines>
            </method>
          </methods>
          <lines>
            <line number="5" hits="1" branch="false"/>
            <line number="6" hits="1" branch="false"/>
            <line number="7" hits="1" branch="false"/>
            <line number="9" hits="1" branch="false"/>
            <line number="12" hits="1" branch="false"/>
            <line number="15" hits="0" branch="false"/>
            <line number="16" hits="0" branch="false"/>
          </lines>
        </class>
      </classes>
    </package>
    <package name="libs.ui.src.lib.utilities.hex-to-rgba" line-rate="1" branch-rate="1">
      <classes>
        <class name="index.ts" filename="libs/ui/src/lib/utilities/hex-to-rgba/index.ts" line-rate="1" branch-rate="1">
          <methods>
            <method name="(anonymous_0)" hits="5" signature="()V">
              <lines>
                <line number="4" hits="5"/>
              </lines>
            </method>
            <method name="(anonymous_1)" hits="20" signature="()V">
              <lines>
                <line number="7" hits="20"/>
              </lines>
            </method>
          </methods>
          <lines>
            <line number="4" hits="14" branch="false"/>
            <line number="5" hits="5" branch="false"/>
            <line number="6" hits="5" branch="false"/>
            <line number="7" hits="20" branch="false"/>
          </lines>
        </class>
      </classes>
    </package>
  </packages>
</coverage>
